<?xml version="1.0" encoding="UTF-8"?>
<testsuite name="MemberTest" tests="1" skipped="0" failures="0" errors="0" timestamp="2021-09-30T09:42:01" hostname="MacBook-Pro-von-macstaging" time="0.021">
  <properties/>
  <testcase name="testDeleteBookOfMember()" classname="MemberTest" time="0.021"/>
  <system-out><![CDATA[]]></system-out>
  <system-err><![CDATA[]]></system-err>
</testsuite>
